C:\Program Files (x86)\Microsoft Visual Studio\2019\Community\MSBuild\Microsoft\VC\v160\Microsoft.CppBuild.targets(513,5): warning MSB8028: промежуточный каталог (Debug\) содержит файлы, которые используются совместно с другим проектом (gtest.vcxproj, test_utmatrix.vcxproj).  Это может привести к ошибкам очистки и перестроения.
cl : командная строка warning D9035: использование параметра "Gm" нежелательно, он будет удален в следующих выпусках
  sample_matrix.cpp
C:\Users\$A$A\source\repos\mp2-lab2-matrix\include\utmatrix.h(221,26): warning C4018: <: несоответствие типов со знаком и без знака
C:\Users\$A$A\source\repos\mp2-lab2-matrix\include\utmatrix.h(219): message : во время компиляции функции-члена класс шаблон "TMatrix<int>::TMatrix(int)"
C:\Users\$A$A\source\repos\mp2-lab2-matrix\samples\sample_matrix.cpp(14): message : выполняется компиляция ссылки на экземпляр шаблон функции "TMatrix<int>::TMatrix(int)"
C:\Users\$A$A\source\repos\mp2-lab2-matrix\samples\sample_matrix.cpp(14): message : выполняется компиляция ссылки на экземпляр класс шаблон функции "TMatrix<int>"
C:\Users\$A$A\source\repos\mp2-lab2-matrix\include\utmatrix.h(250,26): warning C4018: <: несоответствие типов со знаком и без знака
C:\Users\$A$A\source\repos\mp2-lab2-matrix\include\utmatrix.h(248): message : во время компиляции функции-члена класс шаблон "TMatrix<int> TMatrix<int>::operator +(const TMatrix<int> &)"
C:\Users\$A$A\source\repos\mp2-lab2-matrix\samples\sample_matrix.cpp(26): message : выполняется компиляция ссылки на экземпляр шаблон функции "TMatrix<int> TMatrix<int>::operator +(const TMatrix<int> &)"
C:\Users\$A$A\source\repos\mp2-lab2-matrix\include\utmatrix.h(123,26): warning C4018: <: несоответствие типов со знаком и без знака
C:\Users\$A$A\source\repos\mp2-lab2-matrix\include\utmatrix.h(115): message : во время компиляции функции-члена класс шаблон "TVector<ValType> &TVector<ValType>::operator =(const TVector<ValType> &)"
          with
          [
              ValType=int
          ]
C:\Users\$A$A\source\repos\mp2-lab2-matrix\include\utmatrix.h(222): message : выполняется компиляция ссылки на экземпляр шаблон функции "TVector<ValType> &TVector<ValType>::operator =(const TVector<ValType> &)"
          with
          [
              ValType=int
          ]
C:\Users\$A$A\source\repos\mp2-lab2-matrix\include\utmatrix.h(219): message : во время компиляции функции-члена класс шаблон "TMatrix<int>::TMatrix(int)"
C:\Users\$A$A\source\repos\mp2-lab2-matrix\samples\sample_matrix.cpp(14): message : выполняется компиляция ссылки на экземпляр шаблон функции "TMatrix<int>::TMatrix(int)"
C:\Users\$A$A\source\repos\mp2-lab2-matrix\include\utmatrix.h(165,26): warning C4018: <: несоответствие типов со знаком и без знака
C:\Users\$A$A\source\repos\mp2-lab2-matrix\include\utmatrix.h(161): message : во время компиляции функции-члена класс шаблон "TVector<ValType> TVector<ValType>::operator +(const TVector<ValType> &)"
          with
          [
              ValType=int
          ]
C:\Users\$A$A\source\repos\mp2-lab2-matrix\include\utmatrix.h(251): message : выполняется компиляция ссылки на экземпляр шаблон функции "TVector<ValType> TVector<ValType>::operator +(const TVector<ValType> &)"
          with
          [
              ValType=int
          ]
C:\Users\$A$A\source\repos\mp2-lab2-matrix\include\utmatrix.h(79,26): warning C4018: <: несоответствие типов со знаком и без знака
C:\Users\$A$A\source\repos\mp2-lab2-matrix\include\utmatrix.h(74): message : во время компиляции функции-члена класс шаблон "TVector<ValType>::TVector(const TVector<ValType> &)"
          with
          [
              ValType=int
          ]
C:\Users\$A$A\source\repos\mp2-lab2-matrix\include\utmatrix.h(164): message : выполняется компиляция ссылки на экземпляр шаблон функции "TVector<ValType>::TVector(const TVector<ValType> &)"
          with
          [
              ValType=int
          ]
C:\Users\$A$A\source\repos\mp2-lab2-matrix\include\utmatrix.h(64): message : во время компиляции функции-члена класс шаблон "TVector<ValType>::TVector(int,int)"
          with
          [
              ValType=int
          ]
C:\Users\$A$A\source\repos\mp2-lab2-matrix\include\utmatrix.h(222): message : выполняется компиляция ссылки на экземпляр шаблон функции "TVector<ValType>::TVector(int,int)"
          with
          [
              ValType=int
          ]
  sample_utmatrix.vcxproj -> C:\Users\$A$A\source\repos\mp2-lab2-matrix\sln\vc10\Debug\sample_utmatrix.exe
